current directory: /home/emerson/Documentos/projetos/qaninja/projetogit/qaninja/roboweek/roboweek-1a-edicao-master/path/ruby/2.5.0/gems/puma-3.11.0/ext/puma_http11
/usr/bin/ruby2.5 -r ./siteconf20200414-6179-6m191z.rb extconf.rb
checking for BIO_read() in -lcrypto... yes
checking for SSL_CTX_new() in -lssl... yes
checking for openssl/bio.h... yes
creating Makefile

current directory: /home/emerson/Documentos/projetos/qaninja/projetogit/qaninja/roboweek/roboweek-1a-edicao-master/path/ruby/2.5.0/gems/puma-3.11.0/ext/puma_http11
make "DESTDIR=" clean

current directory: /home/emerson/Documentos/projetos/qaninja/projetogit/qaninja/roboweek/roboweek-1a-edicao-master/path/ruby/2.5.0/gems/puma-3.11.0/ext/puma_http11
make "DESTDIR="
compiling http11_parser.c
compiling io_buffer.c
compiling mini_ssl.c
mini_ssl.c: In function ‘engine_init_client’:
mini_ssl.c:211:3: warning: ‘DTLSv1_method’ is deprecated [-Wdeprecated-declarations]
   conn->ctx = SSL_CTX_new(DTLSv1_method());
   ^~~~
In file included from /usr/include/openssl/e_os2.h:13:0,
                 from /usr/include/openssl/bio.h:13,
                 from mini_ssl.c:14:
/usr/include/openssl/ssl.h:1870:1: note: declared here
 DEPRECATEDIN_1_1_0(__owur const SSL_METHOD *DTLSv1_method(void)) /* DTLSv1.0 */
 ^
compiling puma_http11.c
linking shared-object puma/puma_http11.so

current directory: /home/emerson/Documentos/projetos/qaninja/projetogit/qaninja/roboweek/roboweek-1a-edicao-master/path/ruby/2.5.0/gems/puma-3.11.0/ext/puma_http11
make "DESTDIR=" install
/usr/bin/install -c -m 0755 puma_http11.so ./.gem.20200414-6179-9ueftu/puma
